{"level":"info","message":"Server is running at http://localhost:7071"}
{"level":"info","message":"Server is running at http://localhost:7071"}
{"level":"info","message":"Connected to MongoDB Successfully!"}
{"level":"info","message":"Server is running at http://localhost:7071"}
{"level":"info","message":"Connected to MongoDB Successfully!"}
{"level":"info","message":"Server is running at http://localhost:7071"}
{"level":"info","message":"Connected to MongoDB Successfully!"}
{"level":"info","message":"Server is running at http://localhost:7071"}
{"level":"info","message":"Connected to MongoDB Successfully!"}
{"level":"info","message":"Server is running at http://localhost:7071"}
{"level":"info","message":"Connected to MongoDB Successfully!"}
{"level":"info","message":"Server is running at http://localhost:7071"}
{"level":"info","message":"Connected to MongoDB Successfully!"}
{"level":"info","message":"Server is running at http://localhost:7071"}
{"level":"info","message":"Connected to MongoDB Successfully!"}
{"level":"info","message":"Server is running at http://localhost:7071"}
{"level":"info","message":"Connected to MongoDB Successfully!"}
{"level":"info","message":"Server is running at http://localhost:7071"}
{"level":"info","message":"Connected to MongoDB Successfully!"}
{"level":"info","message":"Server is running at http://localhost:7071"}
{"level":"info","message":"Connected to MongoDB Successfully!"}
{"level":"info","message":"Server is running at http://localhost:7071"}
{"level":"info","message":"Connected to MongoDB Successfully!"}
{"level":"info","message":"Server is running at http://localhost:7071"}
{"level":"info","message":"Connected to MongoDB Successfully!"}
{"level":"info","message":"Server is running at http://localhost:7071"}
{"level":"info","message":"Connected to MongoDB Successfully!"}
{"level":"info","message":"Server is running at http://localhost:7071"}
{"level":"info","message":"Connected to MongoDB Successfully!"}
{"level":"info","message":"Server is running at http://localhost:7071"}
{"level":"info","message":"Connected to MongoDB Successfully!"}
{"level":"info","message":"Server is running at http://localhost:7071"}
{"level":"info","message":"Connected to MongoDB Successfully!"}
{"date":"Sat Dec 31 2022 15:14:14 GMT+0100 (West Africa Standard Time)","error":{},"exception":true,"level":"error","message":"uncaughtException: Route.post() requires a callback function but got a [object Undefined]\nError: Route.post() requires a callback function but got a [object Undefined]\n    at Route.<computed> [as post] (C:\\Users\\HP\\Desktop\\Blog_API\\node_modules\\express\\lib\\router\\route.js:211:15)\n    at Function.proto.<computed> [as post] (C:\\Users\\HP\\Desktop\\Blog_API\\node_modules\\express\\lib\\router\\index.js:521:19)\n    at Object.<anonymous> (C:\\Users\\HP\\Desktop\\Blog_API\\routes\\posts.js:12:12)\n    at Module._compile (node:internal/modules/cjs/loader:1105:14)\n    at Object.Module._extensions..js (node:internal/modules/cjs/loader:1159:10)\n    at Module.load (node:internal/modules/cjs/loader:981:32)\n    at Function.Module._load (node:internal/modules/cjs/loader:822:12)\n    at Module.require (node:internal/modules/cjs/loader:1005:19)\n    at require (node:internal/modules/cjs/helpers:102:18)\n    at Object.<anonymous> (C:\\Users\\HP\\Desktop\\Blog_API\\app.js:16:19)","os":{"loadavg":[0,0,0],"uptime":73942},"process":{"argv":["C:\\Program Files\\nodejs\\node.exe","C:\\Users\\HP\\Desktop\\Blog_API\\app.js"],"cwd":"C:\\Users\\HP\\Desktop\\Blog_API","execPath":"C:\\Program Files\\nodejs\\node.exe","gid":null,"memoryUsage":{"arrayBuffers":19203115,"external":25345314,"heapTotal":58646528,"heapUsed":36656904,"rss":76238848},"pid":5256,"uid":null,"version":"v16.16.0"},"stack":"Error: Route.post() requires a callback function but got a [object Undefined]\n    at Route.<computed> [as post] (C:\\Users\\HP\\Desktop\\Blog_API\\node_modules\\express\\lib\\router\\route.js:211:15)\n    at Function.proto.<computed> [as post] (C:\\Users\\HP\\Desktop\\Blog_API\\node_modules\\express\\lib\\router\\index.js:521:19)\n    at Object.<anonymous> (C:\\Users\\HP\\Desktop\\Blog_API\\routes\\posts.js:12:12)\n    at Module._compile (node:internal/modules/cjs/loader:1105:14)\n    at Object.Module._extensions..js (node:internal/modules/cjs/loader:1159:10)\n    at Module.load (node:internal/modules/cjs/loader:981:32)\n    at Function.Module._load (node:internal/modules/cjs/loader:822:12)\n    at Module.require (node:internal/modules/cjs/loader:1005:19)\n    at require (node:internal/modules/cjs/helpers:102:18)\n    at Object.<anonymous> (C:\\Users\\HP\\Desktop\\Blog_API\\app.js:16:19)","trace":[{"column":15,"file":"C:\\Users\\HP\\Desktop\\Blog_API\\node_modules\\express\\lib\\router\\route.js","function":"Route.<computed> [as post]","line":211,"method":"<computed> [as post]","native":false},{"column":19,"file":"C:\\Users\\HP\\Desktop\\Blog_API\\node_modules\\express\\lib\\router\\index.js","function":"Function.proto.<computed> [as post]","line":521,"method":"<computed> [as post]","native":false},{"column":12,"file":"C:\\Users\\HP\\Desktop\\Blog_API\\routes\\posts.js","function":null,"line":12,"method":null,"native":false},{"column":14,"file":"node:internal/modules/cjs/loader","function":"Module._compile","line":1105,"method":"_compile","native":false},{"column":10,"file":"node:internal/modules/cjs/loader","function":"Module._extensions..js","line":1159,"method":".js","native":false},{"column":32,"file":"node:internal/modules/cjs/loader","function":"Module.load","line":981,"method":"load","native":false},{"column":12,"file":"node:internal/modules/cjs/loader","function":"Module._load","line":822,"method":"_load","native":false},{"column":19,"file":"node:internal/modules/cjs/loader","function":"Module.require","line":1005,"method":"require","native":false},{"column":18,"file":"node:internal/modules/cjs/helpers","function":"require","line":102,"method":null,"native":false},{"column":19,"file":"C:\\Users\\HP\\Desktop\\Blog_API\\app.js","function":null,"line":16,"method":null,"native":false}]}
{"level":"info","message":"Server is running at http://localhost:7071"}
{"level":"info","message":"Connected to MongoDB Successfully!"}
{"level":"info","message":"Server is running at http://localhost:7071"}
{"level":"info","message":"Connected to MongoDB Successfully!"}
{"level":"info","message":"Server is running at http://localhost:7071"}
{"level":"info","message":"Connected to MongoDB Successfully!"}
{"level":"error","message":"\"title\" length must be at least 10 characters long"}
{"level":"info","message":"Server is running at http://localhost:7071"}
{"level":"info","message":"Connected to MongoDB Successfully!"}
{"level":"error","message":"\"title\" length must be at least 11 characters long"}
{"level":"info","message":"Server is running at http://localhost:7071"}
{"level":"info","message":"Connected to MongoDB Successfully!"}
{"level":"error","message":"\"title\" is not allowed to be empty"}
{"level":"error","message":"\"title\" is required"}
{"level":"error","message":"\"title\" is not allowed to be empty"}
{"level":"info","message":"Server is running at http://localhost:7071"}
{"level":"info","message":"Connected to MongoDB Successfully!"}
{"level":"info","message":"Server is running at http://localhost:7071"}
{"level":"info","message":"Connected to MongoDB Successfully!"}
{"level":"info","message":"Server is running at http://localhost:7071"}
{"level":"info","message":"Connected to MongoDB Successfully!"}
{"level":"info","message":"Server is running at http://localhost:7071"}
{"level":"info","message":"Connected to MongoDB Successfully!"}
{"level":"info","message":"Server is running at http://localhost:7071"}
{"level":"info","message":"Connected to MongoDB Successfully!"}
{"level":"info","message":"Server is running at http://localhost:7071"}
{"level":"info","message":"Connected to MongoDB Successfully!"}
